


ARM Macro Assembler    Page 1 


    1 00000000                 PRESERVE8
    2 00000000                 THUMB
    3 00000000         
    4 00000000                 export           TabCos
    5 00000000                 export           TabSin
    6 00000000         
    7 00000000         ;Section ROM code (read only) :  
    8 00000000                 AREA             Trigo, DATA, READONLY
    9 00000000         ; codage fractionnaire 1.15
   10 00000000         
   11 00000000         TabCos
   12 00000000 FF 7F           DCW              32767       ;  0 0x7fff  0.9999
                                                            7
   13 00000002 62 7F           DCW              32610       ;  1 0x7f62  0.9951
                                                            8
   14 00000004 8A 7D           DCW              32138       ;  2 0x7d8a  0.9807
                                                            7
   15 00000006 7D 7A           DCW              31357       ;  3 0x7a7d  0.9569
                                                            4
   16 00000008 42 76           DCW              30274       ;  4 0x7642  0.9238
                                                            9
   17 0000000A E3 70           DCW              28899       ;  5 0x70e3  0.8819
                                                            3
   18 0000000C 6E 6A           DCW              27246       ;  6 0x6a6e  0.8314
                                                            8
   19 0000000E F2 62           DCW              25330       ;  7 0x62f2  0.7730
                                                            1
   20 00000010 82 5A           DCW              23170       ;  8 0x5a82  0.7070
                                                            9
   21 00000012 34 51           DCW              20788       ;  9 0x5134  0.6344
                                                            0
   22 00000014 1D 47           DCW              18205       ; 10 0x471d  0.5555
                                                            7
   23 00000016 57 3C           DCW              15447       ; 11 0x3c57  0.4714
                                                            1
   24 00000018 FC 30           DCW              12540       ; 12 0x30fc  0.3826
                                                            9
   25 0000001A 28 25           DCW              9512        ; 13 0x2528  0.2902
                                                            8
   26 0000001C F9 18           DCW              6393        ; 14 0x18f9  0.1951
                                                            0
   27 0000001E 8C 0C           DCW              3212        ; 15 0x0c8c  0.0980
                                                            2
   28 00000020 00 00           DCW              0           ; 16 0x0000  0.0000
                                                            0
   29 00000022 74 F3           DCW              -3212       ; 17 0xf374 -0.0980
                                                            2
   30 00000024 07 E7           DCW              -6393       ; 18 0xe707 -0.1951
                                                            0
   31 00000026 D8 DA           DCW              -9512       ; 19 0xdad8 -0.2902
                                                            8
   32 00000028 04 CF           DCW              -12540      ; 20 0xcf04 -0.3826
                                                            9
   33 0000002A A9 C3           DCW              -15447      ; 21 0xc3a9 -0.4714
                                                            1
   34 0000002C E3 B8           DCW              -18205      ; 22 0xb8e3 -0.5555
                                                            7
   35 0000002E CC AE           DCW              -20788      ; 23 0xaecc -0.6344
                                                            0



ARM Macro Assembler    Page 2 


   36 00000030 7E A5           DCW              -23170      ; 24 0xa57e -0.7070
                                                            9
   37 00000032 0E 9D           DCW              -25330      ; 25 0x9d0e -0.7730
                                                            1
   38 00000034 92 95           DCW              -27246      ; 26 0x9592 -0.8314
                                                            8
   39 00000036 1D 8F           DCW              -28899      ; 27 0x8f1d -0.8819
                                                            3
   40 00000038 BE 89           DCW              -30274      ; 28 0x89be -0.9238
                                                            9
   41 0000003A 83 85           DCW              -31357      ; 29 0x8583 -0.9569
                                                            4
   42 0000003C 76 82           DCW              -32138      ; 30 0x8276 -0.9807
                                                            7
   43 0000003E 9E 80           DCW              -32610      ; 31 0x809e -0.9951
                                                            8
   44 00000040 00 80           DCW              -32768      ; 32 0x8000 -1.0000
                                                            0
   45 00000042 9E 80           DCW              -32610      ; 33 0x809e -0.9951
                                                            8
   46 00000044 76 82           DCW              -32138      ; 34 0x8276 -0.9807
                                                            7
   47 00000046 83 85           DCW              -31357      ; 35 0x8583 -0.9569
                                                            4
   48 00000048 BE 89           DCW              -30274      ; 36 0x89be -0.9238
                                                            9
   49 0000004A 1D 8F           DCW              -28899      ; 37 0x8f1d -0.8819
                                                            3
   50 0000004C 92 95           DCW              -27246      ; 38 0x9592 -0.8314
                                                            8
   51 0000004E 0E 9D           DCW              -25330      ; 39 0x9d0e -0.7730
                                                            1
   52 00000050 7E A5           DCW              -23170      ; 40 0xa57e -0.7070
                                                            9
   53 00000052 CC AE           DCW              -20788      ; 41 0xaecc -0.6344
                                                            0
   54 00000054 E3 B8           DCW              -18205      ; 42 0xb8e3 -0.5555
                                                            7
   55 00000056 A9 C3           DCW              -15447      ; 43 0xc3a9 -0.4714
                                                            1
   56 00000058 04 CF           DCW              -12540      ; 44 0xcf04 -0.3826
                                                            9
   57 0000005A D8 DA           DCW              -9512       ; 45 0xdad8 -0.2902
                                                            8
   58 0000005C 07 E7           DCW              -6393       ; 46 0xe707 -0.1951
                                                            0
   59 0000005E 74 F3           DCW              -3212       ; 47 0xf374 -0.0980
                                                            2
   60 00000060 00 00           DCW              0           ; 48 0x0000  0.0000
                                                            0
   61 00000062 8C 0C           DCW              3212        ; 49 0x0c8c  0.0980
                                                            2
   62 00000064 F9 18           DCW              6393        ; 50 0x18f9  0.1951
                                                            0
   63 00000066 28 25           DCW              9512        ; 51 0x2528  0.2902
                                                            8
   64 00000068 FC 30           DCW              12540       ; 52 0x30fc  0.3826
                                                            9
   65 0000006A 57 3C           DCW              15447       ; 53 0x3c57  0.4714



ARM Macro Assembler    Page 3 


                                                            1
   66 0000006C 1D 47           DCW              18205       ; 54 0x471d  0.5555
                                                            7
   67 0000006E 34 51           DCW              20788       ; 55 0x5134  0.6344
                                                            0
   68 00000070 82 5A           DCW              23170       ; 56 0x5a82  0.7070
                                                            9
   69 00000072 F2 62           DCW              25330       ; 57 0x62f2  0.7730
                                                            1
   70 00000074 6E 6A           DCW              27246       ; 58 0x6a6e  0.8314
                                                            8
   71 00000076 E3 70           DCW              28899       ; 59 0x70e3  0.8819
                                                            3
   72 00000078 42 76           DCW              30274       ; 60 0x7642  0.9238
                                                            9
   73 0000007A 7D 7A           DCW              31357       ; 61 0x7a7d  0.9569
                                                            4
   74 0000007C 8A 7D           DCW              32138       ; 62 0x7d8a  0.9807
                                                            7
   75 0000007E 62 7F           DCW              32610       ; 63 0x7f62  0.9951
                                                            8
   76 00000080         TabSin
   77 00000080 00 00           DCW              0           ;  0 0x0000  0.0000
                                                            0
   78 00000082 8C 0C           DCW              3212        ;  1 0x0c8c  0.0980
                                                            2
   79 00000084 F9 18           DCW              6393        ;  2 0x18f9  0.1951
                                                            0
   80 00000086 28 25           DCW              9512        ;  3 0x2528  0.2902
                                                            8
   81 00000088 FC 30           DCW              12540       ;  4 0x30fc  0.3826
                                                            9
   82 0000008A 57 3C           DCW              15447       ;  5 0x3c57  0.4714
                                                            1
   83 0000008C 1D 47           DCW              18205       ;  6 0x471d  0.5555
                                                            7
   84 0000008E 34 51           DCW              20788       ;  7 0x5134  0.6344
                                                            0
   85 00000090 82 5A           DCW              23170       ;  8 0x5a82  0.7070
                                                            9
   86 00000092 F2 62           DCW              25330       ;  9 0x62f2  0.7730
                                                            1
   87 00000094 6E 6A           DCW              27246       ; 10 0x6a6e  0.8314
                                                            8
   88 00000096 E3 70           DCW              28899       ; 11 0x70e3  0.8819
                                                            3
   89 00000098 42 76           DCW              30274       ; 12 0x7642  0.9238
                                                            9
   90 0000009A 7D 7A           DCW              31357       ; 13 0x7a7d  0.9569
                                                            4
   91 0000009C 8A 7D           DCW              32138       ; 14 0x7d8a  0.9807
                                                            7
   92 0000009E 62 7F           DCW              32610       ; 15 0x7f62  0.9951
                                                            8
   93 000000A0 FF 7F           DCW              32767       ; 16 0x7fff  0.9999
                                                            7
   94 000000A2 62 7F           DCW              32610       ; 17 0x7f62  0.9951
                                                            8
   95 000000A4 8A 7D           DCW              32138       ; 18 0x7d8a  0.9807



ARM Macro Assembler    Page 4 


                                                            7
   96 000000A6 7D 7A           DCW              31357       ; 19 0x7a7d  0.9569
                                                            4
   97 000000A8 42 76           DCW              30274       ; 20 0x7642  0.9238
                                                            9
   98 000000AA E3 70           DCW              28899       ; 21 0x70e3  0.8819
                                                            3
   99 000000AC 6E 6A           DCW              27246       ; 22 0x6a6e  0.8314
                                                            8
  100 000000AE F2 62           DCW              25330       ; 23 0x62f2  0.7730
                                                            1
  101 000000B0 82 5A           DCW              23170       ; 24 0x5a82  0.7070
                                                            9
  102 000000B2 34 51           DCW              20788       ; 25 0x5134  0.6344
                                                            0
  103 000000B4 1D 47           DCW              18205       ; 26 0x471d  0.5555
                                                            7
  104 000000B6 57 3C           DCW              15447       ; 27 0x3c57  0.4714
                                                            1
  105 000000B8 FC 30           DCW              12540       ; 28 0x30fc  0.3826
                                                            9
  106 000000BA 28 25           DCW              9512        ; 29 0x2528  0.2902
                                                            8
  107 000000BC F9 18           DCW              6393        ; 30 0x18f9  0.1951
                                                            0
  108 000000BE 8C 0C           DCW              3212        ; 31 0x0c8c  0.0980
                                                            2
  109 000000C0 00 00           DCW              0           ; 32 0x0000  0.0000
                                                            0
  110 000000C2 74 F3           DCW              -3212       ; 33 0xf374 -0.0980
                                                            2
  111 000000C4 07 E7           DCW              -6393       ; 34 0xe707 -0.1951
                                                            0
  112 000000C6 D8 DA           DCW              -9512       ; 35 0xdad8 -0.2902
                                                            8
  113 000000C8 04 CF           DCW              -12540      ; 36 0xcf04 -0.3826
                                                            9
  114 000000CA A9 C3           DCW              -15447      ; 37 0xc3a9 -0.4714
                                                            1
  115 000000CC E3 B8           DCW              -18205      ; 38 0xb8e3 -0.5555
                                                            7
  116 000000CE CC AE           DCW              -20788      ; 39 0xaecc -0.6344
                                                            0
  117 000000D0 7E A5           DCW              -23170      ; 40 0xa57e -0.7070
                                                            9
  118 000000D2 0E 9D           DCW              -25330      ; 41 0x9d0e -0.7730
                                                            1
  119 000000D4 92 95           DCW              -27246      ; 42 0x9592 -0.8314
                                                            8
  120 000000D6 1D 8F           DCW              -28899      ; 43 0x8f1d -0.8819
                                                            3
  121 000000D8 BE 89           DCW              -30274      ; 44 0x89be -0.9238
                                                            9
  122 000000DA 83 85           DCW              -31357      ; 45 0x8583 -0.9569
                                                            4
  123 000000DC 76 82           DCW              -32138      ; 46 0x8276 -0.9807
                                                            7
  124 000000DE 9E 80           DCW              -32610      ; 47 0x809e -0.9951
                                                            8



ARM Macro Assembler    Page 5 


  125 000000E0 00 80           DCW              -32768      ; 48 0x8000 -1.0000
                                                            0
  126 000000E2 9E 80           DCW              -32610      ; 49 0x809e -0.9951
                                                            8
  127 000000E4 76 82           DCW              -32138      ; 50 0x8276 -0.9807
                                                            7
  128 000000E6 83 85           DCW              -31357      ; 51 0x8583 -0.9569
                                                            4
  129 000000E8 BE 89           DCW              -30274      ; 52 0x89be -0.9238
                                                            9
  130 000000EA 1D 8F           DCW              -28899      ; 53 0x8f1d -0.8819
                                                            3
  131 000000EC 92 95           DCW              -27246      ; 54 0x9592 -0.8314
                                                            8
  132 000000EE 0E 9D           DCW              -25330      ; 55 0x9d0e -0.7730
                                                            1
  133 000000F0 7E A5           DCW              -23170      ; 56 0xa57e -0.7070
                                                            9
  134 000000F2 CC AE           DCW              -20788      ; 57 0xaecc -0.6344
                                                            0
  135 000000F4 E3 B8           DCW              -18205      ; 58 0xb8e3 -0.5555
                                                            7
  136 000000F6 A9 C3           DCW              -15447      ; 59 0xc3a9 -0.4714
                                                            1
  137 000000F8 04 CF           DCW              -12540      ; 60 0xcf04 -0.3826
                                                            9
  138 000000FA D8 DA           DCW              -9512       ; 61 0xdad8 -0.2902
                                                            8
  139 000000FC 07 E7           DCW              -6393       ; 62 0xe707 -0.1951
                                                            0
  140 000000FE 74 F3           DCW              -3212       ; 63 0xf374 -0.0980
                                                            2
  141 00000100         
  142 00000100         
  143 00000100         
  144 00000100         
  145 00000100                 END
Command Line: --debug --xref --diag_suppress=9931 --cpu=Cortex-M3 --apcs=interw
ork --depend=.\obj\cossin_fract_1_15.d -o.\obj\cossin_fract_1_15.o -I.\RTE\_ree
l -IC:\Programdata\Keil\Arm\Packs\ARM\CMSIS\5.7.0\CMSIS\Core\Include -IC:\Progr
amdata\Keil\Arm\Packs\Keil\STM32F1xx_DFP\2.3.0\Device\Include --predefine="__EV
AL SETA 1" --predefine="__MICROLIB SETA 1" --predefine="__UVISION_VERSION SETA 
534" --predefine="_RTE_ SETA 1" --predefine="STM32F10X_MD SETA 1" --predefine="
_RTE_ SETA 1" --list=cossin_fract_1_15.lst Service_DFT_Fract\CosSin_Fract_1_15.
asm



ARM Macro Assembler    Page 1 Alphabetic symbol ordering
Relocatable symbols

TabCos 00000000

Symbol: TabCos
   Definitions
      At line 11 in file Service_DFT_Fract\CosSin_Fract_1_15.asm
   Uses
      At line 4 in file Service_DFT_Fract\CosSin_Fract_1_15.asm
Comment: TabCos used once
TabSin 00000080

Symbol: TabSin
   Definitions
      At line 76 in file Service_DFT_Fract\CosSin_Fract_1_15.asm
   Uses
      At line 5 in file Service_DFT_Fract\CosSin_Fract_1_15.asm
Comment: TabSin used once
Trigo 00000000

Symbol: Trigo
   Definitions
      At line 8 in file Service_DFT_Fract\CosSin_Fract_1_15.asm
   Uses
      None
Comment: Trigo unused
3 symbols
338 symbols in table
