


ARM Macro Assembler    Page 1 


    1 00000000                 PRESERVE8
    2 00000000                 THUMB
    3 00000000         
    4 00000000         
    5 00000000         ; ====================== zone de réservation de données,
                         ======================================
    6 00000000         ;Section RAM (read only) :
    7 00000000                 area             mesdata,data,readonly
    8 00000000         
    9 00000000         ;Section RAM (read write):
   10 00000000                 area             maram,data,readwrite
   11 00000000 00000000 
                       GestionSon_Index
                               dcd              0           ; int GestionSon_In
                                                            dex=0;
   12 00000004 00000000 
                       SortieSon
                               dcd              0           ; int SortieSon =0;
                                                            
   13 00000008                 export           GestionSon_Index
   14 00000008                 export           GestionSon_callback
   15 00000008                 import           Son
   16 00000008                 export           SortieSon
   17 00000008                 import           LongueurSon
   18 00000008                 import           PeriodeSonMicroSec
   19 00000008                 import           PWM_Set_Value_TIM3_Ch3
   20 00000008         ; ======================================================
                       =========================================
   21 00000008         
   22 00000008         
   23 00000008         ;Section ROM code (read only) :  
   24 00000008                 area             moncode,code,readonly
   25 00000000         ; écrire le code ici 
   26 00000000         ; Code en c : 
   27 00000000         ; int GestionSon_callback(int GestionSon_Index){
   28 00000000         ;  GestionSon_Index ++;
   29 00000000         ;  return NULL;
   30 00000000         ;  }
   31 00000000         
   32 00000000         ; Code en c :
   33 00000000         ; void GestionSon_callback(int GestionSon_Index){
   34 00000000         ;   if(GestionSon_Index<=LongueurSon)
   35 00000000         ;    {
   36 00000000         ;    short int n = Son[GestionSon_Index];
   37 00000000         ;    GestionSon_Index ++;
   38 00000000         ;    SortieSon=719*(n+32768)/65536;
   39 00000000         ;    }
   40 00000000         ;    
   41 00000000         ;       
   42 00000000         ;}
   43 00000000         GestionSon_callback
                               proc
   44 00000000         ;    short int n = Son[GestionSon_Index];
   45 00000000 4A10            LDR              R2,=LongueurSon
   46 00000002 6812            LDR              R2,[R2]
   47 00000004 4910            LDR              R1,=GestionSon_Index 
                                                            ;R0 adresse d'index
                                                            
   48 00000006 6808            LDR              R0,[R1]



ARM Macro Assembler    Page 2 


   49 00000008 4290            CMP              R0,R2
   50 0000000A DA19            BGE              exit
   51 0000000C         
   52 0000000C B402            push             {R1}
   53 0000000E         
   54 0000000E         
   55 0000000E 490F            LDR              R1,=Son     ;R1 adresse de son
   56 00000010 EB01 0140       ADD              R1,R1,R0,LSL#1 ; R1=*son+i
   57 00000014 F9B1 2000       LDRSH            R2,[R1]
   58 00000018         
   59 00000018         
   60 00000018 F502 4200       ADD              R2,#32768
   61 0000001C F44F 7134       MOV              R1, #720
   62 00000020 FB02 F201       MUL              R2,R1
   63 00000024 EA4F 4212       LSR              R2,#16
   64 00000028         
   65 00000028 4909            LDR              R1,=SortieSon
   66 0000002A 600A            STR              R2,[R1]
   67 0000002C         
   68 0000002C BC02            pop              {R1}
   69 0000002E         
   70 0000002E F100 0001       ADD              R0,R0,#1
   71 00000032 6008            STR              R0,[R1]
   72 00000034         
   73 00000034 4610            MOV              R0,R2
   74 00000036 B500            PUSH             {LR}
   75 00000038 F7FF FFFE       BL               PWM_Set_Value_TIM3_Ch3
   76 0000003C F85D EB04       POP              {LR}
   77 00000040         exit
   78 00000040 4770            bx               lr
   79 00000042                 ENDP
   80 00000042         
   81 00000042         
   82 00000042                 end
              00 00 00000000 
              00000000 
              00000000 
              00000000 
Command Line: --debug --xref --diag_suppress=9931 --cpu=Cortex-M3 --apcs=interw
ork --depend=.\obj\gestionson.d -o.\obj\gestionson.o -I.\RTE\_CibleSondeKEIL -I
C:\Programdata\Keil\Arm\Packs\ARM\CMSIS\5.7.0\CMSIS\Core\Include -IC:\Programda
ta\Keil\Arm\Packs\Keil\STM32F1xx_DFP\2.3.0\Device\Include --predefine="__EVAL S
ETA 1" --predefine="__MICROLIB SETA 1" --predefine="__UVISION_VERSION SETA 534"
 --predefine="_RTE_ SETA 1" --predefine="STM32F10X_MD SETA 1" --predefine="_RTE
_ SETA 1" --list=gestionson.lst GestionSon\GestionSon.s



ARM Macro Assembler    Page 1 Alphabetic symbol ordering
Relocatable symbols

mesdata 00000000

Symbol: mesdata
   Definitions
      At line 7 in file GestionSon\GestionSon.s
   Uses
      None
Comment: mesdata unused
1 symbol



ARM Macro Assembler    Page 1 Alphabetic symbol ordering
Relocatable symbols

GestionSon_Index 00000000

Symbol: GestionSon_Index
   Definitions
      At line 11 in file GestionSon\GestionSon.s
   Uses
      At line 13 in file GestionSon\GestionSon.s
      At line 47 in file GestionSon\GestionSon.s

SortieSon 00000004

Symbol: SortieSon
   Definitions
      At line 12 in file GestionSon\GestionSon.s
   Uses
      At line 16 in file GestionSon\GestionSon.s
      At line 65 in file GestionSon\GestionSon.s

maram 00000000

Symbol: maram
   Definitions
      At line 10 in file GestionSon\GestionSon.s
   Uses
      None
Comment: maram unused
3 symbols



ARM Macro Assembler    Page 1 Alphabetic symbol ordering
Relocatable symbols

GestionSon_callback 00000000

Symbol: GestionSon_callback
   Definitions
      At line 43 in file GestionSon\GestionSon.s
   Uses
      At line 14 in file GestionSon\GestionSon.s
Comment: GestionSon_callback used once
exit 00000040

Symbol: exit
   Definitions
      At line 77 in file GestionSon\GestionSon.s
   Uses
      At line 50 in file GestionSon\GestionSon.s
Comment: exit used once
moncode 00000000

Symbol: moncode
   Definitions
      At line 24 in file GestionSon\GestionSon.s
   Uses
      None
Comment: moncode unused
3 symbols



ARM Macro Assembler    Page 1 Alphabetic symbol ordering
External symbols

LongueurSon 00000000

Symbol: LongueurSon
   Definitions
      At line 17 in file GestionSon\GestionSon.s
   Uses
      At line 45 in file GestionSon\GestionSon.s
Comment: LongueurSon used once
PWM_Set_Value_TIM3_Ch3 00000000

Symbol: PWM_Set_Value_TIM3_Ch3
   Definitions
      At line 19 in file GestionSon\GestionSon.s
   Uses
      At line 75 in file GestionSon\GestionSon.s
Comment: PWM_Set_Value_TIM3_Ch3 used once
PeriodeSonMicroSec 00000000

Symbol: PeriodeSonMicroSec
   Definitions
      At line 18 in file GestionSon\GestionSon.s
   Uses
      None
Comment: PeriodeSonMicroSec unused
Son 00000000

Symbol: Son
   Definitions
      At line 15 in file GestionSon\GestionSon.s
   Uses
      At line 55 in file GestionSon\GestionSon.s
Comment: Son used once
4 symbols
348 symbols in table
