


ARM Macro Assembler    Page 1 


    1 00000000                 AREA             Signal, DATA, READONLY
    2 00000000                 export           leSignal
    3 00000000         leSignal
    4 00000000 FF 0F           DCW              0x0fff      ;  0 4095  0.99976
    5 00000002 F6 0F           DCW              0x0ff6      ;  1 4086  0.99756
    6 00000004 D9 0F           DCW              0x0fd9      ;  2 4057  0.99048
    7 00000006 A8 0F           DCW              0x0fa8      ;  3 4008  0.97852
    8 00000008 64 0F           DCW              0x0f64      ;  4 3940  0.96191
    9 0000000A 0E 0F           DCW              0x0f0e      ;  5 3854  0.94092
   10 0000000C A7 0E           DCW              0x0ea7      ;  6 3751  0.91577
   11 0000000E 2F 0E           DCW              0x0e2f      ;  7 3631  0.88647
   12 00000010 A8 0D           DCW              0x0da8      ;  8 3496  0.85352
   13 00000012 13 0D           DCW              0x0d13      ;  9 3347  0.81714
   14 00000014 72 0C           DCW              0x0c72      ; 10 3186  0.77783
   15 00000016 C5 0B           DCW              0x0bc5      ; 11 3013  0.73560
   16 00000018 10 0B           DCW              0x0b10      ; 12 2832  0.69141
   17 0000001A 53 0A           DCW              0x0a53      ; 13 2643  0.64526
   18 0000001C 90 09           DCW              0x0990      ; 14 2448  0.59766
   19 0000001E C9 08           DCW              0x08c9      ; 15 2249  0.54907
   20 00000020 00 08           DCW              0x0800      ; 16 2048  0.50000
   21 00000022 37 07           DCW              0x0737      ; 17 1847  0.45093
   22 00000024 70 06           DCW              0x0670      ; 18 1648  0.40234
   23 00000026 AD 05           DCW              0x05ad      ; 19 1453  0.35474
   24 00000028 F0 04           DCW              0x04f0      ; 20 1264  0.30859
   25 0000002A 3B 04           DCW              0x043b      ; 21 1083  0.26440
   26 0000002C 8E 03           DCW              0x038e      ; 22  910  0.22217
   27 0000002E ED 02           DCW              0x02ed      ; 23  749  0.18286
   28 00000030 58 02           DCW              0x0258      ; 24  600  0.14648
   29 00000032 D1 01           DCW              0x01d1      ; 25  465  0.11353
   30 00000034 59 01           DCW              0x0159      ; 26  345  0.08423
   31 00000036 F2 00           DCW              0x00f2      ; 27  242  0.05908
   32 00000038 9C 00           DCW              0x009c      ; 28  156  0.03809
   33 0000003A 58 00           DCW              0x0058      ; 29   88  0.02148
   34 0000003C 27 00           DCW              0x0027      ; 30   39  0.00952
   35 0000003E 0A 00           DCW              0x000a      ; 31   10  0.00244
   36 00000040 00 00           DCW              0x0000      ; 32    0  0.00000
   37 00000042 0A 00           DCW              0x000a      ; 33   10  0.00244
   38 00000044 27 00           DCW              0x0027      ; 34   39  0.00952
   39 00000046 58 00           DCW              0x0058      ; 35   88  0.02148
   40 00000048 9C 00           DCW              0x009c      ; 36  156  0.03809
   41 0000004A F2 00           DCW              0x00f2      ; 37  242  0.05908
   42 0000004C 59 01           DCW              0x0159      ; 38  345  0.08423
   43 0000004E D1 01           DCW              0x01d1      ; 39  465  0.11353
   44 00000050 58 02           DCW              0x0258      ; 40  600  0.14648
   45 00000052 ED 02           DCW              0x02ed      ; 41  749  0.18286
   46 00000054 8E 03           DCW              0x038e      ; 42  910  0.22217
   47 00000056 3B 04           DCW              0x043b      ; 43 1083  0.26440
   48 00000058 F0 04           DCW              0x04f0      ; 44 1264  0.30859
   49 0000005A AD 05           DCW              0x05ad      ; 45 1453  0.35474
   50 0000005C 70 06           DCW              0x0670      ; 46 1648  0.40234
   51 0000005E 37 07           DCW              0x0737      ; 47 1847  0.45093
   52 00000060 00 08           DCW              0x0800      ; 48 2048  0.50000
   53 00000062 C9 08           DCW              0x08c9      ; 49 2249  0.54907
   54 00000064 90 09           DCW              0x0990      ; 50 2448  0.59766
   55 00000066 53 0A           DCW              0x0a53      ; 51 2643  0.64526
   56 00000068 10 0B           DCW              0x0b10      ; 52 2832  0.69141
   57 0000006A C5 0B           DCW              0x0bc5      ; 53 3013  0.73560
   58 0000006C 72 0C           DCW              0x0c72      ; 54 3186  0.77783
   59 0000006E 13 0D           DCW              0x0d13      ; 55 3347  0.81714



ARM Macro Assembler    Page 2 


   60 00000070 A8 0D           DCW              0x0da8      ; 56 3496  0.85352
   61 00000072 2F 0E           DCW              0x0e2f      ; 57 3631  0.88647
   62 00000074 A7 0E           DCW              0x0ea7      ; 58 3751  0.91577
   63 00000076 0E 0F           DCW              0x0f0e      ; 59 3854  0.94092
   64 00000078 64 0F           DCW              0x0f64      ; 60 3940  0.96191
   65 0000007A A8 0F           DCW              0x0fa8      ; 61 4008  0.97852
   66 0000007C D9 0F           DCW              0x0fd9      ; 62 4057  0.99048
   67 0000007E F6 0F           DCW              0x0ff6      ; 63 4086  0.99756
   68 00000080                 END
Command Line: --debug --xref --diag_suppress=9931 --cpu=Cortex-M3 --apcs=interw
ork --depend=.\obj\signal_4_12.d -o.\obj\signal_4_12.o -I.\RTE\_reel -IC:\Progr
amdata\Keil\Arm\Packs\ARM\CMSIS\5.7.0\CMSIS\Core\Include -IC:\Programdata\Keil\
Arm\Packs\Keil\STM32F1xx_DFP\2.3.0\Device\Include --predefine="__EVAL SETA 1" -
-predefine="__MICROLIB SETA 1" --predefine="__UVISION_VERSION SETA 534" --prede
fine="_RTE_ SETA 1" --predefine="STM32F10X_MD SETA 1" --predefine="_RTE_ SETA 1
" --list=signal_4_12.lst Service_DFT_Fract\Signal_4_12.asm



ARM Macro Assembler    Page 1 Alphabetic symbol ordering
Relocatable symbols

Signal 00000000

Symbol: Signal
   Definitions
      At line 1 in file Service_DFT_Fract\Signal_4_12.asm
   Uses
      None
Comment: Signal unused
leSignal 00000000

Symbol: leSignal
   Definitions
      At line 3 in file Service_DFT_Fract\Signal_4_12.asm
   Uses
      At line 2 in file Service_DFT_Fract\Signal_4_12.asm
Comment: leSignal used once
2 symbols
337 symbols in table
